Program {
    scope: Scope {
        parent: "None",
        defs: {
            "void": Ptr(
                Type(
                    Void,
                ),
            ),
            "int": Ptr(
                Type(
                    PrimitiveType {
                        occupy_bytes: 4,
                        var: SignedInt,
                    },
                ),
            ),
            "double": Ptr(
                Type(
                    PrimitiveType {
                        occupy_bytes: 8,
                        var: Float,
                    },
                ),
            ),
            "char": Ptr(
                Type(
                    PrimitiveType {
                        occupy_bytes: 1,
                        var: UnsignedInt,
                    },
                ),
            ),
            "print": Ptr(
                Var(
                    FunctionType {
                        params: [
                            Ptr(
                                VA_ARGS,
                            ),
                        ],
                        return_type: Ptr(
                            Void,
                        ),
                        body: None,
                        is_extern: true,
                    },
                    false,
                ),
            ),
            "scan": Ptr(
                Var(
                    FunctionType {
                        params: [
                            Ptr(
                                VA_ARGS,
                            ),
                        ],
                        return_type: Ptr(
                            Void,
                        ),
                        body: None,
                        is_extern: true,
                    },
                    false,
                ),
            ),
            "func1": Ptr(
                Var(
                    FunctionType {
                        params: [],
                        return_type: Ptr(
                            Type(int),
                        ),
                        body: Some(
                            Block {
                                scope: Ptr(
                                    Scope {
                                        parent: "Some",
                                        defs: {},
                                    },
                                ),
                                stmts: [],
                            },
                        ),
                        is_extern: false,
                    },
                    false,
                ),
            ),
            "func2": Ptr(
                Var(
                    FunctionType {
                        params: [
                            Ptr(
                                Type(int),
                            ),
                        ],
                        return_type: Ptr(
                            Type(int),
                        ),
                        body: Some(
                            Block {
                                scope: Ptr(
                                    Scope {
                                        parent: "Some",
                                        defs: {
                                            "p1": Ptr(
                                                Var(
                                                    Type(int),
                                                    false,
                                                ),
                                            ),
                                        },
                                    },
                                ),
                                stmts: [],
                            },
                        ),
                        is_extern: false,
                    },
                    false,
                ),
            ),
            "func3": Ptr(
                Var(
                    FunctionType {
                        params: [
                            Ptr(
                                Type(int),
                            ),
                            Ptr(
                                Type(int),
                            ),
                        ],
                        return_type: Ptr(
                            Type(void),
                        ),
                        body: Some(
                            Block {
                                scope: Ptr(
                                    Scope {
                                        parent: "Some",
                                        defs: {
                                            "p1": Ptr(
                                                Var(
                                                    Type(int),
                                                    false,
                                                ),
                                            ),
                                            "p2": Ptr(
                                                Var(
                                                    Type(int),
                                                    false,
                                                ),
                                            ),
                                        },
                                    },
                                ),
                                stmts: [],
                            },
                        ),
                        is_extern: false,
                    },
                    false,
                ),
            ),
            "testStatement": Ptr(
                Var(
                    FunctionType {
                        params: [
                            Ptr(
                                Type(int),
                            ),
                            Ptr(
                                Type(int),
                            ),
                        ],
                        return_type: Ptr(
                            Type(void),
                        ),
                        body: Some(
                            Block {
                                scope: Ptr(
                                    Scope {
                                        parent: "Some",
                                        defs: {
                                            "p1": Ptr(
                                                Var(
                                                    Type(int),
                                                    false,
                                                ),
                                            ),
                                            "p2": Ptr(
                                                Var(
                                                    Type(int),
                                                    false,
                                                ),
                                            ),
                                            "a1": Ptr(
                                                Var(
                                                    Type(int),
                                                    false,
                                                ),
                                            ),
                                        },
                                    },
                                ),
                                stmts: [
                                    [],
                                    Block {
                                        scope: Ptr(
                                            Scope {
                                                parent: "Some",
                                                defs: {
                                                    "a1": Ptr(
                                                        Var(
                                                            Type(int),
                                                            false,
                                                        ),
                                                    ),
                                                },
                                            },
                                        ),
                                        stmts: [
                                            [
                                                Ptr(
                                                    (_Asn Identifier(a1) Identifier(p1)),
                                                ),
                                            ],
                                        ],
                                    },
                                    IfConditional {
                                        cond: Ptr(
                                            (Eq Identifier(p1) Identifier(p2)),
                                        ),
                                        if_block: Ptr(
                                            (_Asn Identifier(a1) Identifier(p1)),
                                        ),
                                        else_block: None,
                                    },
                                    IfConditional {
                                        cond: Ptr(
                                            (Lte Identifier(p1) Identifier(p2)),
                                        ),
                                        if_block: Ptr(
                                            Block {
                                                scope: Ptr(
                                                    Scope {
                                                        parent: "Some",
                                                        defs: {
                                                            "a2": Ptr(
                                                                Var(
                                                                    Type(int),
                                                                    false,
                                                                ),
                                                            ),
                                                        },
                                                    },
                                                ),
                                                stmts: [
                                                    [
                                                        Ptr(
                                                            (_Asn Identifier(a2) Identifier(p1)),
                                                        ),
                                                    ],
                                                ],
                                            },
                                        ),
                                        else_block: None,
                                    },
                                    IfConditional {
                                        cond: Ptr(
                                            (Lt Identifier(p1) Identifier(p2)),
                                        ),
                                        if_block: Ptr(
                                            (_Asn Identifier(a1) Identifier(p1)),
                                        ),
                                        else_block: Some(
                                            Ptr(
                                                Block {
                                                    scope: Ptr(
                                                        Scope {
                                                            parent: "Some",
                                                            defs: {},
                                                        },
                                                    ),
                                                    stmts: [
                                                        (_Asn Identifier(a1) Identifier(p2)),
                                                    ],
                                                },
                                            ),
                                        ),
                                    },
                                    WhileConditional {
                                        cond: Ptr(
                                            (Gt Identifier(p1) 1),
                                        ),
                                        block: Ptr(
                                            (_Asn Identifier(p1) (Sub Identifier(p1) 1)),
                                        ),
                                    },
                                    WhileConditional {
                                        cond: Ptr(
                                            (Gte Identifier(p1) 1),
                                        ),
                                        block: Ptr(
                                            Block {
                                                scope: Ptr(
                                                    Scope {
                                                        parent: "Some",
                                                        defs: {
                                                            "a2": Ptr(
                                                                Var(
                                                                    Type(int),
                                                                    false,
                                                                ),
                                                            ),
                                                        },
                                                    },
                                                ),
                                                stmts: [
                                                    [
                                                        Ptr(
                                                            (_Asn Identifier(a2) 3),
                                                        ),
                                                    ],
                                                    (_Asn Identifier(p1) (Sub Identifier(p1) Identifier(a2))),
                                                ],
                                            },
                                        ),
                                    },
                                    None,
                                    (print [Ptr(Identifier(p1))]),
                                    (print [Ptr(Identifier(p1)), Ptr((Add Identifier(p1) Identifier(p2)))]),
                                    (print [Ptr(1), Ptr((Add Identifier(p2) (Mul 2 3))), Ptr("hello")]),
                                    (print [Ptr("hello2")]),
                                    (scan [Ptr(Identifier(p1))]),
                                    (_Asn Identifier(p1) (func1 [])),
                                    (func2 [Ptr(Identifier(p1))]),
                                    (func3 [Ptr(Identifier(p1)), Ptr(Identifier(p2))]),
                                ],
                            },
                        ),
                        is_extern: false,
                    },
                    false,
                ),
            ),
            "testExpression": Ptr(
                Var(
                    FunctionType {
                        params: [],
                        return_type: Ptr(
                            Type(void),
                        ),
                        body: Some(
                            Block {
                                scope: Ptr(
                                    Scope {
                                        parent: "Some",
                                        defs: {
                                            "a": Ptr(
                                                Var(
                                                    Type(int),
                                                    false,
                                                ),
                                            ),
                                            "b": Ptr(
                                                Var(
                                                    Type(int),
                                                    false,
                                                ),
                                            ),
                                        },
                                    },
                                ),
                                stmts: [
                                    [
                                        Ptr(
                                            (_Asn Identifier(b) 5),
                                        ),
                                    ],
                                    (_Asn Identifier(a) (Sub (Add 1 2) 3)),
                                    (_Asn Identifier(a) Identifier(b)),
                                    (_Asn Identifier(a) 12345),
                                    (_Asn Identifier(a) (Neg (Sub (Add 1 2) 3))),
                                    (_Asn Identifier(a) (Neg Identifier(b))),
                                    (_Asn Identifier(a) (Pos 12345)),
                                    (_Asn Identifier(a) (Neg 12345)),
                                    (_Asn Identifier(a) (Mul Identifier(b) (Neg 12345))),
                                    (_Asn Identifier(a) (Mul 1 (Add 2 3))),
                                    (Add (Add Identifier(a) (Mul Identifier(b) Identifier(c))) Identifier(d)),
                                    (_Asn Identifier(a) (Add (Add Identifier(a) Identifier(b)) 1)),
                                    (_Asn Identifier(a) (Neg (Add (Add Identifier(a) Identifier(b)) 1))),
                                    (_Asn Identifier(a) (Add (Mul Identifier(b) (Neg 12345)) (Add 2 3))),
                                ],
                            },
                        ),
                        is_extern: false,
                    },
                    false,
                ),
            ),
            "testVariableA": Ptr(
                Var(
                    FunctionType {
                        params: [
                            Ptr(
                                Type(int),
                            ),
                        ],
                        return_type: Ptr(
                            Type(int),
                        ),
                        body: Some(
                            Block {
                                scope: Ptr(
                                    Scope {
                                        parent: "Some",
                                        defs: {
                                            "p1": Ptr(
                                                Var(
                                                    Type(int),
                                                    false,
                                                ),
                                            ),
                                            "a1": Ptr(
                                                Var(
                                                    Type(int),
                                                    false,
                                                ),
                                            ),
                                            "a2": Ptr(
                                                Var(
                                                    Type(int),
                                                    false,
                                                ),
                                            ),
                                            "b1": Ptr(
                                                Var(
                                                    Type(int),
                                                    true,
                                                ),
                                            ),
                                            "testVariableA": Ptr(
                                                Var(
                                                    Type(int),
                                                    false,
                                                ),
                                            ),
                                        },
                                    },
                                ),
                                stmts: [
                                    [
                                        Ptr(
                                            (_Asn Identifier(a2) 1),
                                        ),
                                    ],
                                    [
                                        Ptr(
                                            (_Csn Identifier(b1) 18),
                                        ),
                                    ],
                                    [],
                                    (_Asn Identifier(a1) 2),
                                ],
                            },
                        ),
                        is_extern: false,
                    },
                    false,
                ),
            ),
            "testVariableB": Ptr(
                Var(
                    FunctionType {
                        params: [
                            Ptr(
                                Type(int),
                            ),
                        ],
                        return_type: Ptr(
                            Type(int),
                        ),
                        body: Some(
                            Block {
                                scope: Ptr(
                                    Scope {
                                        parent: "Some",
                                        defs: {
                                            "p": Ptr(
                                                Var(
                                                    Type(int),
                                                    false,
                                                ),
                                            ),
                                            "a1": Ptr(
                                                Var(
                                                    Type(void),
                                                    false,
                                                ),
                                            ),
                                            "b1": Ptr(
                                                Var(
                                                    Type(int),
                                                    true,
                                                ),
                                            ),
                                            "b2": Ptr(
                                                Var(
                                                    Type(void),
                                                    true,
                                                ),
                                            ),
                                            "a2": Ptr(
                                                Var(
                                                    Type(int),
                                                    true,
                                                ),
                                            ),
                                        },
                                    },
                                ),
                                stmts: [
                                    [
                                        Ptr(
                                            (_Asn Identifier(a1) 1),
                                        ),
                                    ],
                                    [],
                                    [
                                        Ptr(
                                            (_Csn Identifier(b2) 1),
                                        ),
                                    ],
                                    [],
                                    (_Asn Identifier(a2) 3),
                                    (scan [Ptr(Identifier(a2))]),
                                ],
                            },
                        ),
                        is_extern: false,
                    },
                    false,
                ),
            ),
        },
    },
    stmts: [
        Empty,
        Empty,
        Empty,
        Empty,
        Empty,
        Empty,
        Empty,
    ],
}