14:37:07 [INFO] Created a new parser.
14:37:07 [TRACE] (1) chigusa::c0::parser: [src\c0\parser.rs:51] Bump token pointer. Current: Token{var: Identifier("int"), span: Pos(idx 145, ln 11 col 0)->Pos(idx 148, ln 11 col 3) }
14:37:07 [INFO] Init parsing
14:37:07 [INFO] Starts parsing program
14:37:07 [INFO] Injecting std types
14:37:07 [TRACE] (1) chigusa::c0::parser: [src\c0\parser.rs:406] Parsing type name
14:37:07 [TRACE] (1) chigusa::c0::parser: [src\c0\parser.rs:51] Bump token pointer. Current: Token{var: Identifier("main"), span: Pos(idx 149, ln 11 col 4)->Pos(idx 153, ln 11 col 8) }
14:37:07 [TRACE] (1) chigusa::c0::parser: [src\c0\parser.rs:51] Bump token pointer. Current: Token{var: '(', span: Pos(idx 153, ln 11 col 8)->Pos(idx 154, ln 11 col 9) }
14:37:07 [TRACE] (1) chigusa::c0::parser: [src\c0\parser.rs:51] Bump token pointer. Current: Token{var: ')', span: Pos(idx 154, ln 11 col 9)->Pos(idx 155, ln 11 col 10) }
14:37:07 [INFO] Parse function "main" with type Ptr(Type(int)), params: []
14:37:07 [TRACE] (1) chigusa::c0::parser: [src\c0\parser.rs:51] Bump token pointer. Current: Token{var: '{', span: Pos(idx 156, ln 11 col 11)->Pos(idx 157, ln 11 col 12) }
14:37:07 [DEBUG] (1) chigusa::c0::parser: Parsing block
14:37:07 [TRACE] (1) chigusa::c0::parser: [src\c0\parser.rs:51] Bump token pointer. Current: Token{var: Identifier("int"), span: Pos(idx 171, ln 13 col 2)->Pos(idx 174, ln 13 col 5) }
14:37:07 [DEBUG] (1) chigusa::c0::parser: Parse statement
14:37:07 [TRACE] (1) chigusa::c0::parser: [src\c0\parser.rs:406] Parsing type name
14:37:07 [TRACE] (1) chigusa::c0::parser: [src\c0\parser.rs:51] Bump token pointer. Current: Token{var: Identifier("x"), span: Pos(idx 175, ln 13 col 6)->Pos(idx 176, ln 13 col 7) }
14:37:07 [TRACE] (1) chigusa::c0::parser: [src\c0\parser.rs:51] Bump token pointer. Current: Token{var: ',', span: Pos(idx 176, ln 13 col 7)->Pos(idx 177, ln 13 col 8) }
14:37:07 [TRACE] (1) chigusa::c0::parser: [src\c0\parser.rs:51] Bump token pointer. Current: Token{var: Identifier("y"), span: Pos(idx 178, ln 13 col 9)->Pos(idx 179, ln 13 col 10) }
14:37:07 [TRACE] (1) chigusa::c0::parser: [src\c0\parser.rs:51] Bump token pointer. Current: Token{var: ',', span: Pos(idx 179, ln 13 col 10)->Pos(idx 180, ln 13 col 11) }
14:37:07 [TRACE] (1) chigusa::c0::parser: [src\c0\parser.rs:51] Bump token pointer. Current: Token{var: Identifier("result"), span: Pos(idx 181, ln 13 col 12)->Pos(idx 187, ln 13 col 18) }
14:37:07 [TRACE] (1) chigusa::c0::parser: [src\c0\parser.rs:51] Bump token pointer. Current: Token{var: '=', span: Pos(idx 188, ln 13 col 19)->Pos(idx 189, ln 13 col 20) }
14:37:07 [TRACE] (1) chigusa::c0::parser: [src\c0\parser.rs:51] Bump token pointer. Current: Token{var: Literal(Integer(1)), span: Pos(idx 190, ln 13 col 21)->Pos(idx 191, ln 13 col 22) }
14:37:07 [TRACE] (1) chigusa::c0::parser: [src\c0\parser.rs:51] Bump token pointer. Current: Token{var: ';', span: Pos(idx 191, ln 13 col 22)->Pos(idx 192, ln 13 col 23) }
14:37:07 [TRACE] (1) chigusa::c0::parser: [src\c0\parser.rs:51] Bump token pointer. Current: Token{var: Scan, span: Pos(idx 196, ln 14 col 2)->Pos(idx 200, ln 14 col 6) }
14:37:07 [DEBUG] (1) chigusa::c0::parser: Parse statement
14:37:07 [TRACE] (1) chigusa::c0::parser: [src\c0\parser.rs:51] Bump token pointer. Current: Token{var: '(', span: Pos(idx 200, ln 14 col 6)->Pos(idx 201, ln 14 col 7) }
14:37:07 [TRACE] (1) chigusa::c0::parser: [src\c0\parser.rs:51] Bump token pointer. Current: Token{var: Identifier("x"), span: Pos(idx 201, ln 14 col 7)->Pos(idx 202, ln 14 col 8) }
14:37:07 [TRACE] (1) chigusa::c0::parser: [src\c0\parser.rs:51] Bump token pointer. Current: Token{var: ')', span: Pos(idx 202, ln 14 col 8)->Pos(idx 203, ln 14 col 9) }
14:37:07 [TRACE] (1) chigusa::c0::parser: [src\c0\parser.rs:51] Bump token pointer. Current: Token{var: ';', span: Pos(idx 203, ln 14 col 9)->Pos(idx 204, ln 14 col 10) }
14:37:07 [TRACE] (1) chigusa::c0::parser: [src\c0\parser.rs:51] Bump token pointer. Current: Token{var: Scan, span: Pos(idx 208, ln 15 col 2)->Pos(idx 212, ln 15 col 6) }
14:37:07 [DEBUG] (1) chigusa::c0::parser: Parse statement
14:37:07 [TRACE] (1) chigusa::c0::parser: [src\c0\parser.rs:51] Bump token pointer. Current: Token{var: '(', span: Pos(idx 212, ln 15 col 6)->Pos(idx 213, ln 15 col 7) }
14:37:07 [TRACE] (1) chigusa::c0::parser: [src\c0\parser.rs:51] Bump token pointer. Current: Token{var: Identifier("y"), span: Pos(idx 213, ln 15 col 7)->Pos(idx 214, ln 15 col 8) }
14:37:07 [TRACE] (1) chigusa::c0::parser: [src\c0\parser.rs:51] Bump token pointer. Current: Token{var: ')', span: Pos(idx 214, ln 15 col 8)->Pos(idx 215, ln 15 col 9) }
14:37:07 [TRACE] (1) chigusa::c0::parser: [src\c0\parser.rs:51] Bump token pointer. Current: Token{var: ';', span: Pos(idx 215, ln 15 col 9)->Pos(idx 216, ln 15 col 10) }
14:37:07 [TRACE] (1) chigusa::c0::parser: [src\c0\parser.rs:51] Bump token pointer. Current: Token{var: While, span: Pos(idx 220, ln 16 col 2)->Pos(idx 225, ln 16 col 7) }
14:37:07 [DEBUG] (1) chigusa::c0::parser: Parse statement
14:37:07 [TRACE] (1) chigusa::c0::parser: [src\c0\parser.rs:51] Bump token pointer. Current: Token{var: '(', span: Pos(idx 226, ln 16 col 8)->Pos(idx 227, ln 16 col 9) }
14:37:07 [TRACE] (1) chigusa::c0::parser: [src\c0\parser.rs:51] Bump token pointer. Current: Token{var: Identifier("x"), span: Pos(idx 227, ln 16 col 9)->Pos(idx 228, ln 16 col 10) }
14:37:07 [TRACE] (1) chigusa::c0::parser: [src\c0\parser.rs:51] Bump token pointer. Current: Token{var: '>', span: Pos(idx 229, ln 16 col 11)->Pos(idx 230, ln 16 col 12) }
14:37:07 [TRACE] (1) chigusa::c0::parser: [src\c0\parser.rs:51] Bump token pointer. Current: Token{var: Literal(Integer(0)), span: Pos(idx 231, ln 16 col 13)->Pos(idx 232, ln 16 col 14) }
14:37:07 [TRACE] (1) chigusa::c0::parser: [src\c0\parser.rs:51] Bump token pointer. Current: Token{var: ')', span: Pos(idx 232, ln 16 col 14)->Pos(idx 233, ln 16 col 15) }
14:37:07 [TRACE] (1) chigusa::c0::parser: [src\c0\parser.rs:51] Bump token pointer. Current: Token{var: '{', span: Pos(idx 234, ln 16 col 16)->Pos(idx 235, ln 16 col 17) }
14:37:07 [DEBUG] (1) chigusa::c0::parser: Parse statement
14:37:07 [TRACE] (1) chigusa::c0::parser: [src\c0\parser.rs:366] Creating new scope for upcoming block
14:37:07 [DEBUG] (1) chigusa::c0::parser: Parsing block
14:37:07 [TRACE] (1) chigusa::c0::parser: [src\c0\parser.rs:51] Bump token pointer. Current: Token{var: If, span: Pos(idx 253, ln 18 col 4)->Pos(idx 255, ln 18 col 6) }
14:37:07 [DEBUG] (1) chigusa::c0::parser: Parse statement
14:37:07 [TRACE] (1) chigusa::c0::parser: [src\c0\parser.rs:51] Bump token pointer. Current: Token{var: '(', span: Pos(idx 256, ln 18 col 7)->Pos(idx 257, ln 18 col 8) }
14:37:07 [TRACE] (1) chigusa::c0::parser: [src\c0\parser.rs:51] Bump token pointer. Current: Token{var: '(', span: Pos(idx 257, ln 18 col 8)->Pos(idx 258, ln 18 col 9) }
14:37:07 [TRACE] (1) chigusa::c0::parser: [src\c0\parser.rs:51] Bump token pointer. Current: Token{var: Identifier("x"), span: Pos(idx 258, ln 18 col 9)->Pos(idx 259, ln 18 col 10) }
14:37:07 [TRACE] (1) chigusa::c0::parser: [src\c0\parser.rs:51] Bump token pointer. Current: Token{var: '/', span: Pos(idx 260, ln 18 col 11)->Pos(idx 261, ln 18 col 12) }
14:37:07 [TRACE] (1) chigusa::c0::parser: [src\c0\parser.rs:51] Bump token pointer. Current: Token{var: Literal(Integer(2)), span: Pos(idx 262, ln 18 col 13)->Pos(idx 263, ln 18 col 14) }
14:37:07 [TRACE] (1) chigusa::c0::parser: [src\c0\parser.rs:51] Bump token pointer. Current: Token{var: '*', span: Pos(idx 264, ln 18 col 15)->Pos(idx 265, ln 18 col 16) }
14:37:07 [TRACE] (1) chigusa::c0::parser: [src\c0\parser.rs:51] Bump token pointer. Current: Token{var: Literal(Integer(2)), span: Pos(idx 266, ln 18 col 17)->Pos(idx 267, ln 18 col 18) }
14:37:07 [TRACE] (1) chigusa::c0::parser: [src\c0\parser.rs:51] Bump token pointer. Current: Token{var: ')', span: Pos(idx 267, ln 18 col 18)->Pos(idx 268, ln 18 col 19) }
14:37:07 [TRACE] (1) chigusa::c0::parser: [src\c0\parser.rs:51] Bump token pointer. Current: Token{var: '!=', span: Pos(idx 269, ln 18 col 20)->Pos(idx 271, ln 18 col 22) }
14:37:07 [TRACE] (1) chigusa::c0::parser: [src\c0\parser.rs:51] Bump token pointer. Current: Token{var: Identifier("x"), span: Pos(idx 272, ln 18 col 23)->Pos(idx 273, ln 18 col 24) }
14:37:07 [TRACE] (1) chigusa::c0::parser: [src\c0\parser.rs:51] Bump token pointer. Current: Token{var: ')', span: Pos(idx 273, ln 18 col 24)->Pos(idx 274, ln 18 col 25) }
14:37:07 [TRACE] (1) chigusa::c0::parser: [src\c0\parser.rs:51] Bump token pointer. Current: Token{var: Identifier("result"), span: Pos(idx 296, ln 20 col 6)->Pos(idx 302, ln 20 col 12) }
14:37:07 [DEBUG] (1) chigusa::c0::parser: Parse statement
14:37:07 [TRACE] (1) chigusa::c0::parser: [src\c0\parser.rs:51] Bump token pointer. Current: Token{var: '=', span: Pos(idx 303, ln 20 col 13)->Pos(idx 304, ln 20 col 14) }
14:37:07 [TRACE] (1) chigusa::c0::parser: [src\c0\parser.rs:51] Bump token pointer. Current: Token{var: Identifier("result"), span: Pos(idx 305, ln 20 col 15)->Pos(idx 311, ln 20 col 21) }
14:37:07 [TRACE] (1) chigusa::c0::parser: [src\c0\parser.rs:51] Bump token pointer. Current: Token{var: '*', span: Pos(idx 312, ln 20 col 22)->Pos(idx 313, ln 20 col 23) }
14:37:07 [TRACE] (1) chigusa::c0::parser: [src\c0\parser.rs:51] Bump token pointer. Current: Token{var: Identifier("y"), span: Pos(idx 314, ln 20 col 24)->Pos(idx 315, ln 20 col 25) }
14:37:07 [TRACE] (1) chigusa::c0::parser: [src\c0\parser.rs:51] Bump token pointer. Current: Token{var: ';', span: Pos(idx 315, ln 20 col 25)->Pos(idx 316, ln 20 col 26) }
14:37:07 [TRACE] (1) chigusa::c0::parser: [src\c0\parser.rs:51] Bump token pointer. Current: Token{var: Identifier("y"), span: Pos(idx 334, ln 22 col 4)->Pos(idx 335, ln 22 col 5) }
14:37:07 [DEBUG] (1) chigusa::c0::parser: Parse statement
14:37:07 [TRACE] (1) chigusa::c0::parser: [src\c0\parser.rs:51] Bump token pointer. Current: Token{var: '=', span: Pos(idx 336, ln 22 col 6)->Pos(idx 337, ln 22 col 7) }
14:37:07 [TRACE] (1) chigusa::c0::parser: [src\c0\parser.rs:51] Bump token pointer. Current: Token{var: Identifier("y"), span: Pos(idx 338, ln 22 col 8)->Pos(idx 339, ln 22 col 9) }
14:37:07 [TRACE] (1) chigusa::c0::parser: [src\c0\parser.rs:51] Bump token pointer. Current: Token{var: '*', span: Pos(idx 340, ln 22 col 10)->Pos(idx 341, ln 22 col 11) }
14:37:07 [TRACE] (1) chigusa::c0::parser: [src\c0\parser.rs:51] Bump token pointer. Current: Token{var: Identifier("y"), span: Pos(idx 342, ln 22 col 12)->Pos(idx 343, ln 22 col 13) }
14:37:07 [TRACE] (1) chigusa::c0::parser: [src\c0\parser.rs:51] Bump token pointer. Current: Token{var: ';', span: Pos(idx 343, ln 22 col 13)->Pos(idx 344, ln 22 col 14) }
14:37:07 [TRACE] (1) chigusa::c0::parser: [src\c0\parser.rs:51] Bump token pointer. Current: Token{var: Identifier("x"), span: Pos(idx 350, ln 23 col 4)->Pos(idx 351, ln 23 col 5) }
14:37:07 [DEBUG] (1) chigusa::c0::parser: Parse statement
14:37:07 [TRACE] (1) chigusa::c0::parser: [src\c0\parser.rs:51] Bump token pointer. Current: Token{var: '=', span: Pos(idx 352, ln 23 col 6)->Pos(idx 353, ln 23 col 7) }
14:37:07 [TRACE] (1) chigusa::c0::parser: [src\c0\parser.rs:51] Bump token pointer. Current: Token{var: Identifier("x"), span: Pos(idx 354, ln 23 col 8)->Pos(idx 355, ln 23 col 9) }
14:37:07 [TRACE] (1) chigusa::c0::parser: [src\c0\parser.rs:51] Bump token pointer. Current: Token{var: '/', span: Pos(idx 356, ln 23 col 10)->Pos(idx 357, ln 23 col 11) }
14:37:07 [TRACE] (1) chigusa::c0::parser: [src\c0\parser.rs:51] Bump token pointer. Current: Token{var: Literal(Integer(2)), span: Pos(idx 358, ln 23 col 12)->Pos(idx 359, ln 23 col 13) }
14:37:07 [TRACE] (1) chigusa::c0::parser: [src\c0\parser.rs:51] Bump token pointer. Current: Token{var: ';', span: Pos(idx 359, ln 23 col 13)->Pos(idx 360, ln 23 col 14) }
14:37:07 [TRACE] (1) chigusa::c0::parser: [src\c0\parser.rs:51] Bump token pointer. Current: Token{var: '}', span: Pos(idx 364, ln 24 col 2)->Pos(idx 365, ln 24 col 3) }
14:37:07 [TRACE] (1) chigusa::c0::parser: [src\c0\parser.rs:51] Bump token pointer. Current: Token{var: Print, span: Pos(idx 379, ln 26 col 2)->Pos(idx 384, ln 26 col 7) }
14:37:07 [DEBUG] (1) chigusa::c0::parser: Block ends
14:37:07 [DEBUG] (1) chigusa::c0::parser: Parse statement
14:37:07 [TRACE] (1) chigusa::c0::parser: [src\c0\parser.rs:51] Bump token pointer. Current: Token{var: '(', span: Pos(idx 384, ln 26 col 7)->Pos(idx 385, ln 26 col 8) }
14:37:07 [TRACE] (1) chigusa::c0::parser: [src\c0\parser.rs:51] Bump token pointer. Current: Token{var: Identifier("result"), span: Pos(idx 385, ln 26 col 8)->Pos(idx 391, ln 26 col 14) }
14:37:07 [TRACE] (1) chigusa::c0::parser: [src\c0\parser.rs:51] Bump token pointer. Current: Token{var: ')', span: Pos(idx 391, ln 26 col 14)->Pos(idx 392, ln 26 col 15) }
14:37:07 [TRACE] (1) chigusa::c0::parser: [src\c0\parser.rs:51] Bump token pointer. Current: Token{var: ';', span: Pos(idx 392, ln 26 col 15)->Pos(idx 393, ln 26 col 16) }
14:37:07 [TRACE] (1) chigusa::c0::parser: [src\c0\parser.rs:51] Bump token pointer. Current: Token{var: Return, span: Pos(idx 397, ln 27 col 2)->Pos(idx 403, ln 27 col 8) }
14:37:07 [DEBUG] (1) chigusa::c0::parser: Parse statement
14:37:07 [TRACE] (1) chigusa::c0::parser: [src\c0\parser.rs:51] Bump token pointer. Current: Token{var: Literal(Integer(0)), span: Pos(idx 404, ln 27 col 9)->Pos(idx 405, ln 27 col 10) }
14:37:07 [TRACE] (1) chigusa::c0::parser: [src\c0\parser.rs:51] Bump token pointer. Current: Token{var: ';', span: Pos(idx 405, ln 27 col 10)->Pos(idx 406, ln 27 col 11) }
14:37:07 [TRACE] (1) chigusa::c0::parser: [src\c0\parser.rs:51] Bump token pointer. Current: Token{var: '}', span: Pos(idx 408, ln 28 col 0)->Pos(idx 409, ln 28 col 1) }
14:37:07 [TRACE] (1) chigusa::c0::parser: [src\c0\parser.rs:51] Bump token pointer. Current: Token{var: #EOF, span: Pos(idx 0, ln 0 col 0)->Pos(idx 0, ln 0 col 0) }
14:37:07 [DEBUG] (1) chigusa::c0::parser: Block ends
14:37:07 [INFO] Finished parsing program
14:37:07 [DEBUG] (1) chigusa::mir::codegen: Add assign entry: result`1 ($1) Local: Primitive(Int, 4) @Pos(idx 191, ln 13 col 22), bb0
14:37:07 [DEBUG] (1) chigusa::mir::codegen: Add assign entry: x`1 ($2) Local: Primitive(Int, 4) @Pos(idx 204, ln 14 col 10), bb0
14:37:07 [DEBUG] (1) chigusa::mir::codegen: Add assign entry: y`1 ($3) Local: Primitive(Int, 4) @Pos(idx 216, ln 15 col 10), bb0
14:37:07 [DEBUG] (1) chigusa::mir::codegen: Add assign entry: result`1 ($4) Local: Primitive(Int, 4) @Pos(idx 315, ln 20 col 25), bb3
14:37:07 [DEBUG] (1) chigusa::mir::codegen: Add assign entry: y`1 ($5) Local: Primitive(Int, 4) @Pos(idx 343, ln 22 col 13), bb4
14:37:07 [DEBUG] (1) chigusa::mir::codegen: Add assign entry: x`1 ($6) Local: Primitive(Int, 4) @Pos(idx 359, ln 23 col 13), bb4
14:37:07 [DEBUG] (1) chigusa::mir::codegen: Add assign entry: $7 ($7) Temp: Primitive(Bool, 4) @Pos(idx 232, ln 16 col 14), bb0
14:37:07 [DEBUG] (1) chigusa::mir::codegen: Add assign entry: $8 ($8) Temp: Primitive(Int, 4) @Pos(idx 258, ln 18 col 9), bb1
14:37:07 [DEBUG] (1) chigusa::mir::codegen: Add assign entry: $9 ($9) Temp: Primitive(Int, 4) @Pos(idx 263, ln 18 col 14), bb1
14:37:07 [DEBUG] (1) chigusa::mir::codegen: Add assign entry: $10 ($10) Temp: Primitive(Int, 4) @Pos(idx 267, ln 18 col 18), bb1
14:37:07 [DEBUG] (1) chigusa::mir::codegen: Add assign entry: $11 ($11) Temp: Primitive(Int, 4) @Pos(idx 272, ln 18 col 23), bb1
14:37:07 [DEBUG] (1) chigusa::mir::codegen: Add assign entry: $12 ($12) Temp: Primitive(Bool, 4) @Pos(idx 273, ln 18 col 24), bb1
14:37:07 [DEBUG] (1) chigusa::mir::codegen: Add assign entry: $13 ($13) Temp: Primitive(Int, 4) @Pos(idx 305, ln 20 col 15), bb3
14:37:07 [DEBUG] (1) chigusa::mir::codegen: Add assign entry: $14 ($14) Temp: Primitive(Int, 4) @Pos(idx 314, ln 20 col 24), bb3
14:37:07 [DEBUG] (1) chigusa::mir::codegen: Add assign entry: $15 ($15) Temp: Primitive(Int, 4) @Pos(idx 315, ln 20 col 25), bb3
14:37:07 [DEBUG] (1) chigusa::mir::codegen: Add assign entry: $16 ($16) Temp: Primitive(Int, 4) @Pos(idx 338, ln 22 col 8), bb4
14:37:07 [DEBUG] (1) chigusa::mir::codegen: Add assign entry: $17 ($17) Temp: Primitive(Int, 4) @Pos(idx 342, ln 22 col 12), bb4
14:37:07 [DEBUG] (1) chigusa::mir::codegen: Add assign entry: $18 ($18) Temp: Primitive(Int, 4) @Pos(idx 343, ln 22 col 13), bb4
14:37:07 [DEBUG] (1) chigusa::mir::codegen: Add assign entry: $19 ($19) Temp: Primitive(Int, 4) @Pos(idx 354, ln 23 col 8), bb4
14:37:07 [DEBUG] (1) chigusa::mir::codegen: Add assign entry: $20 ($20) Temp: Primitive(Int, 4) @Pos(idx 359, ln 23 col 13), bb4
14:37:07 [DEBUG] (1) chigusa::mir::codegen: Add assign entry: $21 ($21) Temp: Primitive(Int, 4) @Pos(idx 227, ln 16 col 9), bb4
14:37:07 [DEBUG] (1) chigusa::mir::codegen: Add assign entry: $22 ($22) Temp: Primitive(Bool, 4) @Pos(idx 232, ln 16 col 14), bb4
14:37:07 [DEBUG] (1) chigusa::mir::codegen: Add assign entry: $23 ($23) Temp: Primitive(Int, 4) @Pos(idx 385, ln 26 col 8), bb2
14:37:07 [DEBUG] (1) chigusa::mir::codegen: Add assign entry: $24 ($24) FixedTemp: Primitive(Int, 4) @Pos(idx 385, ln 26 col 8), bb2
14:37:07 [DEBUG] (1) chigusa::mir::codegen: Add assign entry: $25 ($25) Dummy: Void @Pos(idx 391, ln 26 col 14), bb2
14:37:07 [DEBUG] (1) chigusa::mir::codegen: Add assign entry: $26 ($26) Dummy: Void @Pos(idx 391, ln 26 col 14), bb2
14:37:07 [DEBUG] (1) chigusa::mir::codegen: Add assign entry: $27 ($27) Dummy: Primitive(Int, 4) @Pos(idx 391, ln 26 col 14), bb2
14:37:07 [DEBUG] (1) chigusa::mir::codegen: Add assign entry: $28 ($28) Ret: Primitive(Int, 4) @Pos(idx 404, ln 27 col 9), bb2
14:37:07 [DEBUG] (1) chigusa::arm::codegen: Func {
    name: "__chigusa_main",
    ty: Fn(
        Ptr(
            Primitive(
                Int,
                4,
            ),
        ),
        [],
        false,
    ),
    is_extern: false,
    var_table: {
        1: Var {
            ty: Primitive(
                Int,
                4,
            ),
            kind: Local,
        },
        2: Var {
            ty: Primitive(
                Int,
                4,
            ),
            kind: Local,
        },
        3: Var {
            ty: Primitive(
                Int,
                4,
            ),
            kind: Local,
        },
        4: Var {
            ty: Primitive(
                Int,
                4,
            ),
            kind: Local,
        },
        5: Var {
            ty: Primitive(
                Int,
                4,
            ),
            kind: Local,
        },
        6: Var {
            ty: Primitive(
                Int,
                4,
            ),
            kind: Local,
        },
        7: Var {
            ty: Primitive(
                Bool,
                4,
            ),
            kind: Temp,
        },
        8: Var {
            ty: Primitive(
                Int,
                4,
            ),
            kind: Temp,
        },
        9: Var {
            ty: Primitive(
                Int,
                4,
            ),
            kind: Temp,
        },
        10: Var {
            ty: Primitive(
                Int,
                4,
            ),
            kind: Temp,
        },
        11: Var {
            ty: Primitive(
                Int,
                4,
            ),
            kind: Temp,
        },
        12: Var {
            ty: Primitive(
                Bool,
                4,
            ),
            kind: Temp,
        },
        13: Var {
            ty: Primitive(
                Int,
                4,
            ),
            kind: Temp,
        },
        14: Var {
            ty: Primitive(
                Int,
                4,
            ),
            kind: Temp,
        },
        15: Var {
            ty: Primitive(
                Int,
                4,
            ),
            kind: Temp,
        },
        16: Var {
            ty: Primitive(
                Int,
                4,
            ),
            kind: Temp,
        },
        17: Var {
            ty: Primitive(
                Int,
                4,
            ),
            kind: Temp,
        },
        18: Var {
            ty: Primitive(
                Int,
                4,
            ),
            kind: Temp,
        },
        19: Var {
            ty: Primitive(
                Int,
                4,
            ),
            kind: Temp,
        },
        20: Var {
            ty: Primitive(
                Int,
                4,
            ),
            kind: Temp,
        },
        21: Var {
            ty: Primitive(
                Int,
                4,
            ),
            kind: Temp,
        },
        22: Var {
            ty: Primitive(
                Bool,
                4,
            ),
            kind: Temp,
        },
        23: Var {
            ty: Primitive(
                Int,
                4,
            ),
            kind: Temp,
        },
        24: Var {
            ty: Primitive(
                Int,
                4,
            ),
            kind: FixedTemp,
        },
        25: Var {
            ty: Void,
            kind: Dummy,
        },
        26: Var {
            ty: Void,
            kind: Dummy,
        },
        27: Var {
            ty: Primitive(
                Int,
                4,
            ),
            kind: Dummy,
        },
        28: Var {
            ty: Primitive(
                Int,
                4,
            ),
            kind: Ret,
        },
    },
    bb: {
        0: BasicBlk {
            jump_in: {},
            uses_var: {},
            inst: [
                $1 = int 1;,
                $2 = call @1 [];,
                $3 = call @1 [];,
                $7 = $2 Gt int 0;,
            ],
            end: Conditional(
                $7,
                1,
                2,
            ),
        },
        1: BasicBlk {
            jump_in: {
                0,
            },
            uses_var: {},
            inst: [
                $8 = phi [(0, $2)];,
                $9 = $8 Div int 2;,
                $10 = $9 Mul int 2;,
                $11 = phi [(0, $2)];,
                $12 = $10 Neq $11;,
            ],
            end: Conditional(
                $12,
                3,
                4,
            ),
        },
        2: BasicBlk {
            jump_in: {
                4,
                0,
            },
            uses_var: {},
            inst: [
                $23 = phi [(4, $1), (0, $1), (4, $4)];,
                $24 = $23;,
                $25 = call @2 [$24];,
                $27 = int 10;,
                $26 = call @3 [$27];,
            ],
            end: Return(
                Some(
                    $28,
                ),
            ),
        },
        3: BasicBlk {
            jump_in: {
                1,
            },
            uses_var: {},
            inst: [
                $13 = phi [(1, $1)];,
                $14 = phi [(1, $3)];,
                $15 = $13 Mul $14;,
                $4 = $15;,
            ],
            end: Jump(
                4,
            ),
        },
        4: BasicBlk {
            jump_in: {
                3,
                1,
            },
            uses_var: {},
            inst: [
                $16 = phi [(3, $3)];,
                $17 = phi [(3, $3)];,
                $18 = $16 Mul $17;,
                $5 = $18;,
                $19 = phi [(3, $2)];,
                $20 = $19 Div int 2;,
                $6 = $20;,
                $21 = phi [(3, $2)];,
                $22 = $21 Gt int 0;,
            ],
            end: Conditional(
                $22,
                1,
                2,
            ),
        },
        5: BasicBlk {
            jump_in: {},
            uses_var: {},
            inst: [],
            end: Unreachable,
        },
    },
}
14:37:07 [DEBUG] (1) chigusa::arm::codegen: live intervals: {
    1: [0, 27),
    2: [1, 24),
    3: [2, 18),
    7: [3, 4),
    9: [6, 7),
    10: [7, 9),
    12: [9, 10),
    15: [13, 14),
    18: [18, 19),
    5: [19, 19),
    20: [21, 22),
    6: [22, 22),
    22: [24, 25),
    24: [27, 28),
    25: [28, 28),
    27: [29, 30),
    26: [30, 30),
    28: [31, 31),
}
14:37:07 [DEBUG] (1) chigusa::arm::codegen: Generating code for bb0: BasicBlk {
    jump_in: {},
    uses_var: {},
    inst: [
        $1 = int 1;,
        $2 = call @1 [];,
        $3 = call @1 [];,
        $7 = $2 Gt int 0;,
    ],
    end: Conditional(
        $7,
        1,
        2,
    ),
}
14:37:07 [TRACE] (1) chigusa::arm::codegen: [src\arm\codegen.rs:361] 0 : $1 = int 1;
14:37:07 [TRACE] (1) chigusa::arm::codegen: [src\arm\codegen.rs:961] Scan for active variables (write) @0: {}
14:37:07 [DEBUG] (1) chigusa::arm::codegen: Allocate for writing: $1@0, alloc: Entry(VacantEntry(1))
14:37:07 [TRACE] (1) chigusa::arm::codegen: [src\arm\codegen.rs:852] allocating $1 to r0 at 0
14:37:07 [DEBUG] (1) chigusa::arm::codegen: Current active: {1 <> r0}
14:37:07 [TRACE] (1) chigusa::arm::codegen: [src\arm\codegen.rs:361] 1 : $2 = call @1 [];
14:37:07 [TRACE] (1) chigusa::arm::codegen: [src\arm\codegen.rs:961] Scan for active variables (write) @1: {1 <> r0}
14:37:07 [TRACE] (1) chigusa::arm::codegen: [src\arm\codegen.rs:899] spilling r0 at 1
14:37:07 [TRACE] (1) chigusa::arm::codegen: [src\arm\codegen.rs:907] spilling $1 at 1
14:37:07 [TRACE] (1) chigusa::arm::codegen: [src\arm\codegen.rs:928] $1 assignments: Vec1([([0, 1), r0)])
14:37:07 [TRACE] (1) chigusa::arm::codegen: [src\arm\codegen.rs:961] Scan for active variables (write) @1: {}
14:37:07 [TRACE] (1) chigusa::arm::codegen: [src\arm\codegen.rs:899] spilling r1 at 1
14:37:07 [TRACE] (1) chigusa::arm::codegen: [src\arm\codegen.rs:961] Scan for active variables (write) @1: {}
14:37:07 [TRACE] (1) chigusa::arm::codegen: [src\arm\codegen.rs:899] spilling r2 at 1
14:37:07 [TRACE] (1) chigusa::arm::codegen: [src\arm\codegen.rs:961] Scan for active variables (write) @1: {}
14:37:07 [TRACE] (1) chigusa::arm::codegen: [src\arm\codegen.rs:899] spilling r3 at 1
14:37:07 [TRACE] (1) chigusa::arm::codegen: [src\arm\codegen.rs:961] Scan for active variables (write) @1: {}
14:37:07 [TRACE] (1) chigusa::arm::codegen: [src\arm\codegen.rs:899] spilling r0 at 1
14:37:07 [TRACE] (1) chigusa::arm::codegen: [src\arm\codegen.rs:961] Scan for active variables (write) @1: {}
14:37:07 [DEBUG] (1) chigusa::arm::codegen: Allocate for writing: $2@1, alloc: Entry(VacantEntry(2))
14:37:07 [TRACE] (1) chigusa::arm::codegen: [src\arm\codegen.rs:852] allocating $2 to r0 at 1
14:37:07 [DEBUG] (1) chigusa::arm::codegen: Current active: {2 <> r0}
14:37:07 [TRACE] (1) chigusa::arm::codegen: [src\arm\codegen.rs:361] 2 : $3 = call @1 [];
14:37:07 [TRACE] (1) chigusa::arm::codegen: [src\arm\codegen.rs:961] Scan for active variables (write) @2: {2 <> r0}
14:37:07 [TRACE] (1) chigusa::arm::codegen: [src\arm\codegen.rs:899] spilling r0 at 2
14:37:07 [TRACE] (1) chigusa::arm::codegen: [src\arm\codegen.rs:907] spilling $2 at 2
14:37:07 [TRACE] (1) chigusa::arm::codegen: [src\arm\codegen.rs:928] $2 assignments: Vec1([([1, 2), r0)])
14:37:07 [TRACE] (1) chigusa::arm::codegen: [src\arm\codegen.rs:961] Scan for active variables (write) @2: {}
14:37:07 [TRACE] (1) chigusa::arm::codegen: [src\arm\codegen.rs:899] spilling r1 at 2
14:37:07 [TRACE] (1) chigusa::arm::codegen: [src\arm\codegen.rs:961] Scan for active variables (write) @2: {}
14:37:07 [TRACE] (1) chigusa::arm::codegen: [src\arm\codegen.rs:899] spilling r2 at 2
14:37:07 [TRACE] (1) chigusa::arm::codegen: [src\arm\codegen.rs:961] Scan for active variables (write) @2: {}
14:37:07 [TRACE] (1) chigusa::arm::codegen: [src\arm\codegen.rs:899] spilling r3 at 2
14:37:07 [TRACE] (1) chigusa::arm::codegen: [src\arm\codegen.rs:961] Scan for active variables (write) @2: {}
14:37:07 [TRACE] (1) chigusa::arm::codegen: [src\arm\codegen.rs:899] spilling r0 at 2
14:37:07 [TRACE] (1) chigusa::arm::codegen: [src\arm\codegen.rs:961] Scan for active variables (write) @2: {}
14:37:07 [DEBUG] (1) chigusa::arm::codegen: Allocate for writing: $3@2, alloc: Entry(VacantEntry(3))
14:37:07 [TRACE] (1) chigusa::arm::codegen: [src\arm\codegen.rs:852] allocating $3 to r0 at 2
14:37:07 [DEBUG] (1) chigusa::arm::codegen: Current active: {3 <> r0}
14:37:07 [TRACE] (1) chigusa::arm::codegen: [src\arm\codegen.rs:361] 3 : $7 = $2 Gt int 0;
14:37:07 [TRACE] (1) chigusa::arm::codegen: [src\arm\codegen.rs:936] Scan for active variables (read) @3: {3 <> r0}
14:37:07 [DEBUG] (1) chigusa::arm::codegen: Allocate for reading: $2@3
14:37:07 [TRACE] (1) chigusa::arm::codegen: [src\arm\codegen.rs:1072] reviving $2 at 3
14:37:07 [TRACE] (1) chigusa::arm::codegen: [src\arm\codegen.rs:852] allocating $2 to r4 at 3
14:37:07 [TRACE] (1) chigusa::arm::codegen: [src\arm\codegen.rs:852] allocating $2 to r4 at 3
14:37:07 [DEBUG] (1) chigusa::arm::codegen: Allocated: $2@3 for [3, 24)
14:37:07 [TRACE] (1) chigusa::arm::codegen: [src\arm\codegen.rs:961] Scan for active variables (write) @3: {2 <> r4, 3 <> r0}
14:37:07 [DEBUG] (1) chigusa::arm::codegen: Allocate for writing: $7@3, alloc: Entry(VacantEntry(7))
14:37:07 [TRACE] (1) chigusa::arm::codegen: [src\arm\codegen.rs:852] allocating $7 to r1 at 3
14:37:07 [DEBUG] (1) chigusa::arm::codegen: Current active: {2 <> r4, 3 <> r0, 7 <> r1}
14:37:07 [DEBUG] (1) chigusa::arm::codegen: Generating code for bb1: BasicBlk {
    jump_in: {
        0,
    },
    uses_var: {},
    inst: [
        $8 = phi [(0, $2)];,
        $9 = $8 Div int 2;,
        $10 = $9 Mul int 2;,
        $11 = phi [(0, $2)];,
        $12 = $10 Neq $11;,
    ],
    end: Conditional(
        $12,
        3,
        4,
    ),
}
14:37:07 [TRACE] (1) chigusa::arm::codegen: [src\arm\codegen.rs:361] 5 : $8 = phi [(0, $2)];
14:37:07 [TRACE] (1) chigusa::arm::codegen: [src\arm\codegen.rs:936] Scan for active variables (read) @5: {2 <> r4, 3 <> r0, 7 <> r1}
14:37:07 [TRACE] (1) chigusa::arm::codegen: [src\arm\codegen.rs:949] deactivating variable 7: 5 vs Some([3, 4))
14:37:07 [TRACE] (1) chigusa::arm::codegen: [src\arm\codegen.rs:361] 6 : $9 = $8 Div int 2;
14:37:07 [TRACE] (1) chigusa::arm::codegen: [src\arm\codegen.rs:936] Scan for active variables (read) @6: {2 <> r4, 3 <> r0}
14:37:07 [TRACE] (1) chigusa::arm::codegen: [src\arm\codegen.rs:936] Scan for active variables (read) @6: {2 <> r4, 3 <> r0}
14:37:07 [TRACE] (1) chigusa::arm::codegen: [src\arm\codegen.rs:852] allocating $18446744073709551615 to r1 at 6
14:37:07 [TRACE] (1) chigusa::arm::codegen: [src\arm\codegen.rs:961] Scan for active variables (write) @6: {2 <> r4, 3 <> r0, 18446744073709551615 <> r1}
14:37:07 [TRACE] (1) chigusa::arm::codegen: [src\arm\codegen.rs:974] deactivating variable 18446744073709551615: 6 vs None
14:37:07 [DEBUG] (1) chigusa::arm::codegen: Allocate for writing: $9@6, alloc: Entry(VacantEntry(9))
14:37:07 [TRACE] (1) chigusa::arm::codegen: [src\arm\codegen.rs:852] allocating $9 to r1 at 6
14:37:07 [DEBUG] (1) chigusa::arm::codegen: Current active: {2 <> r4, 3 <> r0, 9 <> r1}
14:37:07 [TRACE] (1) chigusa::arm::codegen: [src\arm\codegen.rs:361] 7 : $10 = $9 Mul int 2;
14:37:07 [TRACE] (1) chigusa::arm::codegen: [src\arm\codegen.rs:936] Scan for active variables (read) @7: {2 <> r4, 3 <> r0, 9 <> r1}
14:37:07 [TRACE] (1) chigusa::arm::codegen: [src\arm\codegen.rs:936] Scan for active variables (read) @7: {2 <> r4, 3 <> r0, 9 <> r1}
14:37:07 [TRACE] (1) chigusa::arm::codegen: [src\arm\codegen.rs:852] allocating $18446744073709551614 to r2 at 7
14:37:07 [TRACE] (1) chigusa::arm::codegen: [src\arm\codegen.rs:961] Scan for active variables (write) @7: {18446744073709551614 <> r2, 9 <> r1, 2 <> r4, 3 <> r0}
14:37:07 [TRACE] (1) chigusa::arm::codegen: [src\arm\codegen.rs:974] deactivating variable 18446744073709551614: 7 vs None
14:37:07 [TRACE] (1) chigusa::arm::codegen: [src\arm\codegen.rs:974] deactivating variable 9: 7 vs Some([6, 7))
14:37:07 [DEBUG] (1) chigusa::arm::codegen: Allocate for writing: $10@7, alloc: Entry(VacantEntry(10))
14:37:07 [TRACE] (1) chigusa::arm::codegen: [src\arm\codegen.rs:852] allocating $10 to r1 at 7
14:37:07 [DEBUG] (1) chigusa::arm::codegen: Current active: {2 <> r4, 10 <> r1, 3 <> r0}
14:37:07 [TRACE] (1) chigusa::arm::codegen: [src\arm\codegen.rs:361] 8 : $11 = phi [(0, $2)];
14:37:07 [TRACE] (1) chigusa::arm::codegen: [src\arm\codegen.rs:936] Scan for active variables (read) @8: {2 <> r4, 10 <> r1, 3 <> r0}
14:37:07 [TRACE] (1) chigusa::arm::codegen: [src\arm\codegen.rs:361] 9 : $12 = $10 Neq $11;
14:37:07 [TRACE] (1) chigusa::arm::codegen: [src\arm\codegen.rs:936] Scan for active variables (read) @9: {2 <> r4, 10 <> r1, 3 <> r0}
14:37:07 [TRACE] (1) chigusa::arm::codegen: [src\arm\codegen.rs:936] Scan for active variables (read) @9: {2 <> r4, 10 <> r1, 3 <> r0}
14:37:07 [TRACE] (1) chigusa::arm::codegen: [src\arm\codegen.rs:961] Scan for active variables (write) @9: {2 <> r4, 10 <> r1, 3 <> r0}
14:37:07 [TRACE] (1) chigusa::arm::codegen: [src\arm\codegen.rs:974] deactivating variable 10: 9 vs Some([7, 9))
14:37:07 [DEBUG] (1) chigusa::arm::codegen: Allocate for writing: $12@9, alloc: Entry(VacantEntry(12))
14:37:07 [TRACE] (1) chigusa::arm::codegen: [src\arm\codegen.rs:852] allocating $12 to r1 at 9
14:37:07 [DEBUG] (1) chigusa::arm::codegen: Current active: {2 <> r4, 12 <> r1, 3 <> r0}
14:37:07 [DEBUG] (1) chigusa::arm::codegen: Generating code for bb3: BasicBlk {
    jump_in: {
        1,
    },
    uses_var: {},
    inst: [
        $13 = phi [(1, $1)];,
        $14 = phi [(1, $3)];,
        $15 = $13 Mul $14;,
        $4 = $15;,
    ],
    end: Jump(
        4,
    ),
}
14:37:07 [TRACE] (1) chigusa::arm::codegen: [src\arm\codegen.rs:361] 11 : $13 = phi [(1, $1)];
14:37:07 [TRACE] (1) chigusa::arm::codegen: [src\arm\codegen.rs:936] Scan for active variables (read) @11: {2 <> r4, 12 <> r1, 3 <> r0}
14:37:07 [TRACE] (1) chigusa::arm::codegen: [src\arm\codegen.rs:949] deactivating variable 12: 11 vs Some([9, 10))
14:37:07 [DEBUG] (1) chigusa::arm::codegen: Allocate for reading: $1@11
14:37:07 [TRACE] (1) chigusa::arm::codegen: [src\arm\codegen.rs:1072] reviving $1 at 11
14:37:07 [TRACE] (1) chigusa::arm::codegen: [src\arm\codegen.rs:852] allocating $1 to r5 at 11
14:37:07 [TRACE] (1) chigusa::arm::codegen: [src\arm\codegen.rs:852] allocating $1 to r5 at 11
14:37:07 [DEBUG] (1) chigusa::arm::codegen: Allocated: $1@11 for [11, 27)
14:37:07 [TRACE] (1) chigusa::arm::codegen: [src\arm\codegen.rs:361] 12 : $14 = phi [(1, $3)];
14:37:07 [TRACE] (1) chigusa::arm::codegen: [src\arm\codegen.rs:936] Scan for active variables (read) @12: {2 <> r4, 1 <> r5, 3 <> r0}
14:37:07 [TRACE] (1) chigusa::arm::codegen: [src\arm\codegen.rs:361] 13 : $15 = $13 Mul $14;
14:37:07 [TRACE] (1) chigusa::arm::codegen: [src\arm\codegen.rs:936] Scan for active variables (read) @13: {2 <> r4, 1 <> r5, 3 <> r0}
14:37:07 [TRACE] (1) chigusa::arm::codegen: [src\arm\codegen.rs:936] Scan for active variables (read) @13: {2 <> r4, 1 <> r5, 3 <> r0}
14:37:07 [TRACE] (1) chigusa::arm::codegen: [src\arm\codegen.rs:961] Scan for active variables (write) @13: {2 <> r4, 1 <> r5, 3 <> r0}
14:37:07 [DEBUG] (1) chigusa::arm::codegen: Allocate for writing: $15@13, alloc: Entry(VacantEntry(15))
14:37:07 [TRACE] (1) chigusa::arm::codegen: [src\arm\codegen.rs:852] allocating $15 to r1 at 13
14:37:07 [DEBUG] (1) chigusa::arm::codegen: Current active: {15 <> r1, 2 <> r4, 1 <> r5, 3 <> r0}
14:37:07 [TRACE] (1) chigusa::arm::codegen: [src\arm\codegen.rs:361] 14 : $4 = $15;
14:37:07 [TRACE] (1) chigusa::arm::codegen: [src\arm\codegen.rs:936] Scan for active variables (read) @14: {15 <> r1, 2 <> r4, 1 <> r5, 3 <> r0}
14:37:07 [TRACE] (1) chigusa::arm::codegen: [src\arm\codegen.rs:961] Scan for active variables (write) @14: {15 <> r1, 2 <> r4, 1 <> r5, 3 <> r0}
14:37:07 [TRACE] (1) chigusa::arm::codegen: [src\arm\codegen.rs:974] deactivating variable 15: 14 vs Some([13, 14))
14:37:07 [DEBUG] (1) chigusa::arm::codegen: Generating code for bb4: BasicBlk {
    jump_in: {
        3,
        1,
    },
    uses_var: {},
    inst: [
        $16 = phi [(3, $3)];,
        $17 = phi [(3, $3)];,
        $18 = $16 Mul $17;,
        $5 = $18;,
        $19 = phi [(3, $2)];,
        $20 = $19 Div int 2;,
        $6 = $20;,
        $21 = phi [(3, $2)];,
        $22 = $21 Gt int 0;,
    ],
    end: Conditional(
        $22,
        1,
        2,
    ),
}
14:37:07 [TRACE] (1) chigusa::arm::codegen: [src\arm\codegen.rs:361] 16 : $16 = phi [(3, $3)];
14:37:07 [TRACE] (1) chigusa::arm::codegen: [src\arm\codegen.rs:936] Scan for active variables (read) @16: {2 <> r4, 1 <> r5, 3 <> r0}
14:37:07 [TRACE] (1) chigusa::arm::codegen: [src\arm\codegen.rs:361] 17 : $17 = phi [(3, $3)];
14:37:07 [TRACE] (1) chigusa::arm::codegen: [src\arm\codegen.rs:936] Scan for active variables (read) @17: {2 <> r4, 1 <> r5, 3 <> r0}
14:37:07 [TRACE] (1) chigusa::arm::codegen: [src\arm\codegen.rs:361] 18 : $18 = $16 Mul $17;
14:37:07 [TRACE] (1) chigusa::arm::codegen: [src\arm\codegen.rs:936] Scan for active variables (read) @18: {2 <> r4, 1 <> r5, 3 <> r0}
14:37:07 [TRACE] (1) chigusa::arm::codegen: [src\arm\codegen.rs:936] Scan for active variables (read) @18: {2 <> r4, 1 <> r5, 3 <> r0}
14:37:07 [TRACE] (1) chigusa::arm::codegen: [src\arm\codegen.rs:961] Scan for active variables (write) @18: {2 <> r4, 1 <> r5, 3 <> r0}
14:37:07 [TRACE] (1) chigusa::arm::codegen: [src\arm\codegen.rs:974] deactivating variable 3: 18 vs Some([2, 18))
14:37:07 [DEBUG] (1) chigusa::arm::codegen: Allocate for writing: $18@18, alloc: Entry(VacantEntry(18))
14:37:07 [TRACE] (1) chigusa::arm::codegen: [src\arm\codegen.rs:852] allocating $18 to r0 at 18
14:37:07 [DEBUG] (1) chigusa::arm::codegen: Current active: {18 <> r0, 2 <> r4, 1 <> r5}
14:37:07 [TRACE] (1) chigusa::arm::codegen: [src\arm\codegen.rs:361] 19 : $5 = $18;
14:37:07 [TRACE] (1) chigusa::arm::codegen: [src\arm\codegen.rs:936] Scan for active variables (read) @19: {18 <> r0, 2 <> r4, 1 <> r5}
14:37:07 [TRACE] (1) chigusa::arm::codegen: [src\arm\codegen.rs:961] Scan for active variables (write) @19: {18 <> r0, 2 <> r4, 1 <> r5}
14:37:07 [TRACE] (1) chigusa::arm::codegen: [src\arm\codegen.rs:974] deactivating variable 18: 19 vs Some([18, 19))
14:37:07 [DEBUG] (1) chigusa::arm::codegen: Allocate for writing: $5@19, alloc: Entry(VacantEntry(5))
14:37:07 [TRACE] (1) chigusa::arm::codegen: [src\arm\codegen.rs:852] allocating $5 to r0 at 19
14:37:07 [DEBUG] (1) chigusa::arm::codegen: Current active: {2 <> r4, 1 <> r5, 5 <> r0}
14:37:07 [TRACE] (1) chigusa::arm::codegen: [src\arm\codegen.rs:361] 20 : $19 = phi [(3, $2)];
14:37:07 [TRACE] (1) chigusa::arm::codegen: [src\arm\codegen.rs:936] Scan for active variables (read) @20: {2 <> r4, 1 <> r5, 5 <> r0}
14:37:07 [TRACE] (1) chigusa::arm::codegen: [src\arm\codegen.rs:949] deactivating variable 5: 20 vs Some([19, 19))
14:37:07 [TRACE] (1) chigusa::arm::codegen: [src\arm\codegen.rs:361] 21 : $20 = $19 Div int 2;
14:37:07 [TRACE] (1) chigusa::arm::codegen: [src\arm\codegen.rs:936] Scan for active variables (read) @21: {2 <> r4, 1 <> r5}
14:37:07 [TRACE] (1) chigusa::arm::codegen: [src\arm\codegen.rs:936] Scan for active variables (read) @21: {2 <> r4, 1 <> r5}
14:37:07 [TRACE] (1) chigusa::arm::codegen: [src\arm\codegen.rs:852] allocating $18446744073709551613 to r0 at 21
14:37:07 [TRACE] (1) chigusa::arm::codegen: [src\arm\codegen.rs:961] Scan for active variables (write) @21: {2 <> r4, 1 <> r5, 18446744073709551613 <> r0}
14:37:07 [TRACE] (1) chigusa::arm::codegen: [src\arm\codegen.rs:974] deactivating variable 18446744073709551613: 21 vs None
14:37:07 [DEBUG] (1) chigusa::arm::codegen: Allocate for writing: $20@21, alloc: Entry(VacantEntry(20))
14:37:07 [TRACE] (1) chigusa::arm::codegen: [src\arm\codegen.rs:852] allocating $20 to r0 at 21
14:37:07 [DEBUG] (1) chigusa::arm::codegen: Current active: {20 <> r0, 2 <> r4, 1 <> r5}
14:37:07 [TRACE] (1) chigusa::arm::codegen: [src\arm\codegen.rs:361] 22 : $6 = $20;
14:37:07 [TRACE] (1) chigusa::arm::codegen: [src\arm\codegen.rs:936] Scan for active variables (read) @22: {20 <> r0, 2 <> r4, 1 <> r5}
14:37:07 [TRACE] (1) chigusa::arm::codegen: [src\arm\codegen.rs:961] Scan for active variables (write) @22: {20 <> r0, 2 <> r4, 1 <> r5}
14:37:07 [TRACE] (1) chigusa::arm::codegen: [src\arm\codegen.rs:974] deactivating variable 20: 22 vs Some([21, 22))
14:37:07 [DEBUG] (1) chigusa::arm::codegen: Allocate for writing: $6@22, alloc: Entry(VacantEntry(6))
14:37:07 [TRACE] (1) chigusa::arm::codegen: [src\arm\codegen.rs:852] allocating $6 to r0 at 22
14:37:07 [DEBUG] (1) chigusa::arm::codegen: Current active: {6 <> r0, 2 <> r4, 1 <> r5}
14:37:07 [TRACE] (1) chigusa::arm::codegen: [src\arm\codegen.rs:361] 23 : $21 = phi [(3, $2)];
14:37:07 [TRACE] (1) chigusa::arm::codegen: [src\arm\codegen.rs:936] Scan for active variables (read) @23: {6 <> r0, 2 <> r4, 1 <> r5}
14:37:07 [TRACE] (1) chigusa::arm::codegen: [src\arm\codegen.rs:949] deactivating variable 6: 23 vs Some([22, 22))
14:37:07 [TRACE] (1) chigusa::arm::codegen: [src\arm\codegen.rs:361] 24 : $22 = $21 Gt int 0;
14:37:07 [TRACE] (1) chigusa::arm::codegen: [src\arm\codegen.rs:936] Scan for active variables (read) @24: {2 <> r4, 1 <> r5}
14:37:07 [TRACE] (1) chigusa::arm::codegen: [src\arm\codegen.rs:961] Scan for active variables (write) @24: {2 <> r4, 1 <> r5}
14:37:07 [TRACE] (1) chigusa::arm::codegen: [src\arm\codegen.rs:974] deactivating variable 2: 24 vs Some([1, 24))
14:37:07 [DEBUG] (1) chigusa::arm::codegen: Allocate for writing: $22@24, alloc: Entry(VacantEntry(22))
14:37:07 [TRACE] (1) chigusa::arm::codegen: [src\arm\codegen.rs:852] allocating $22 to r0 at 24
14:37:07 [DEBUG] (1) chigusa::arm::codegen: Current active: {1 <> r5, 22 <> r0}
14:37:07 [DEBUG] (1) chigusa::arm::codegen: Generating code for bb2: BasicBlk {
    jump_in: {
        4,
        0,
    },
    uses_var: {},
    inst: [
        $23 = phi [(4, $1), (0, $1), (4, $4)];,
        $24 = $23;,
        $25 = call @2 [$24];,
        $27 = int 10;,
        $26 = call @3 [$27];,
    ],
    end: Return(
        Some(
            $28,
        ),
    ),
}
14:37:07 [TRACE] (1) chigusa::arm::codegen: [src\arm\codegen.rs:361] 26 : $23 = phi [(4, $1), (0, $1), (4, $4)];
14:37:07 [TRACE] (1) chigusa::arm::codegen: [src\arm\codegen.rs:936] Scan for active variables (read) @26: {1 <> r5, 22 <> r0}
14:37:07 [TRACE] (1) chigusa::arm::codegen: [src\arm\codegen.rs:949] deactivating variable 22: 26 vs Some([24, 25))
14:37:07 [TRACE] (1) chigusa::arm::codegen: [src\arm\codegen.rs:361] 27 : $24 = $23;
14:37:07 [TRACE] (1) chigusa::arm::codegen: [src\arm\codegen.rs:936] Scan for active variables (read) @27: {1 <> r5}
14:37:07 [TRACE] (1) chigusa::arm::codegen: [src\arm\codegen.rs:837] force-allocating $24 to r0 at 27
14:37:07 [TRACE] (1) chigusa::arm::codegen: [src\arm\codegen.rs:852] allocating $24 to r0 at 27
14:37:07 [TRACE] (1) chigusa::arm::codegen: [src\arm\codegen.rs:961] Scan for active variables (write) @27: {24 <> r0, 1 <> r5}
14:37:07 [TRACE] (1) chigusa::arm::codegen: [src\arm\codegen.rs:974] deactivating variable 1: 27 vs Some([0, 27))
14:37:07 [TRACE] (1) chigusa::arm::codegen: [src\arm\codegen.rs:1366] Write back variable $24 from r0
14:37:07 [TRACE] (1) chigusa::arm::codegen: [src\arm\codegen.rs:361] 28 : $25 = call @2 [$24];
14:37:07 [TRACE] (1) chigusa::arm::codegen: [src\arm\codegen.rs:961] Scan for active variables (write) @28: {24 <> r0}
14:37:07 [TRACE] (1) chigusa::arm::codegen: [src\arm\codegen.rs:974] deactivating variable 24: 28 vs Some([27, 28))
14:37:07 [TRACE] (1) chigusa::arm::codegen: [src\arm\codegen.rs:899] spilling r1 at 28
14:37:07 [TRACE] (1) chigusa::arm::codegen: [src\arm\codegen.rs:961] Scan for active variables (write) @28: {}
14:37:07 [TRACE] (1) chigusa::arm::codegen: [src\arm\codegen.rs:899] spilling r2 at 28
14:37:07 [TRACE] (1) chigusa::arm::codegen: [src\arm\codegen.rs:961] Scan for active variables (write) @28: {}
14:37:07 [TRACE] (1) chigusa::arm::codegen: [src\arm\codegen.rs:899] spilling r3 at 28
14:37:07 [TRACE] (1) chigusa::arm::codegen: [src\arm\codegen.rs:361] 29 : $27 = int 10;
14:37:07 [TRACE] (1) chigusa::arm::codegen: [src\arm\codegen.rs:837] force-allocating $27 to r0 at 29
14:37:07 [TRACE] (1) chigusa::arm::codegen: [src\arm\codegen.rs:852] allocating $27 to r0 at 29
14:37:07 [TRACE] (1) chigusa::arm::codegen: [src\arm\codegen.rs:961] Scan for active variables (write) @29: {27 <> r0}
14:37:07 [TRACE] (1) chigusa::arm::codegen: [src\arm\codegen.rs:361] 30 : $26 = call @3 [$27];
14:37:07 [TRACE] (1) chigusa::arm::codegen: [src\arm\codegen.rs:961] Scan for active variables (write) @30: {27 <> r0}
14:37:07 [TRACE] (1) chigusa::arm::codegen: [src\arm\codegen.rs:974] deactivating variable 27: 30 vs Some([29, 30))
14:37:07 [TRACE] (1) chigusa::arm::codegen: [src\arm\codegen.rs:899] spilling r1 at 30
14:37:07 [TRACE] (1) chigusa::arm::codegen: [src\arm\codegen.rs:961] Scan for active variables (write) @30: {}
14:37:07 [TRACE] (1) chigusa::arm::codegen: [src\arm\codegen.rs:899] spilling r2 at 30
14:37:07 [TRACE] (1) chigusa::arm::codegen: [src\arm\codegen.rs:961] Scan for active variables (write) @30: {}
14:37:07 [TRACE] (1) chigusa::arm::codegen: [src\arm\codegen.rs:899] spilling r3 at 30
14:37:07 [DEBUG] (1) chigusa::arm::codegen: [
    	push	{r11, lr},
    	mov	r11,	sp,
    	sub	sp,	sp,	#8,
    __chigusa_main$bb0:,
    	mov	r0,	#1,
    	str	r0,	[sp, #0],
    	bl	__std_scan_int,
    	str	r0,	[sp, #4],
    	bl	__std_scan_int,
    	ldr	r4,	[sp, #4],
    	ldr	r4,	[sp, #4],
    	cmp	r4,	#0,
    	ble	__chigusa_main$bb2,
    __chigusa_main$bb1:,
    	ldr	r1,	VAL____chigusa_main$6,
    	sdiv	r1,	r4,	r1,
    	ldr	r2,	VAL____chigusa_main$7,
    	mul	r1,	r1,	r2,
    	cmp	r1,	r4,
    	beq	__chigusa_main$bb4,
    __chigusa_main$bb3:,
    	ldr	r5,	[sp, #0],
    	ldr	r5,	[sp, #0],
    	mul	r1,	r5,	r0,
    	mov	r5,	r1,
    __chigusa_main$bb4:,
    	mul	r0,	r0,	r0,
    	ldr	r0,	VAL____chigusa_main$21,
    	sdiv	r0,	r4,	r0,
    	cmp	r4,	#0,
    	bgt	__chigusa_main$bb1,
    __chigusa_main$bb2:,
    	mov	r0,	r5,
    	bl	__std_put_int,
    	mov	r0,	#10,
    	bl	__std_put_char,
    	b	__chigusa_main$end,
    __chigusa_main$end:,
    	mov	sp,	r11,
    	pop	{r11, pc},
]
14:37:07 [DEBUG] (1) chigusa::arm::codegen: Func {
    name: "main",
    ty: Fn(
        Ptr(
            Void,
        ),
        [],
        false,
    ),
    is_extern: false,
    var_table: {},
    bb: {
        0: BasicBlk {
            jump_in: {},
            uses_var: {},
            inst: [],
            end: Unknown,
        },
    },
}
14:37:07 [DEBUG] (1) chigusa::arm::codegen: live intervals: {}
14:37:07 [DEBUG] (1) chigusa::arm::codegen: Generating code for bb0: BasicBlk {
    jump_in: {},
    uses_var: {},
    inst: [],
    end: Unknown,
}
14:37:07 [DEBUG] (1) chigusa::arm::codegen: [
    	push	{r11, lr},
    	mov	r11,	sp,
    	sub	sp,	sp,	#0,
    main$bb0:,
    	bl	__chigusa_main,
    main$end:,
    	mov	sp,	r11,
    	pop	{r11, pc},
]
14:37:07 [INFO] Writing to output file: \\?\D:\Projects\chigusa\fastpow.s
